<?xml version="1.0" encoding="UTF-8"?>
<testng-results ignored="0" total="1" passed="1" failed="0" skipped="0">
  <reporter-output>
  </reporter-output>
  <suite started-at="2022-01-08T22:53:44 IST" name="Default suite" finished-at="2022-01-08T22:53:52 IST" duration-ms="7954">
    <groups>
    </groups>
    <test started-at="2022-01-08T22:53:44 IST" name="Default test" finished-at="2022-01-08T22:53:52 IST" duration-ms="7954">
      <class name="PracticeUrbanLadder.demo">
        <test-method signature="invoke()[pri:0, instance:PracticeUrbanLadder.demo@318ba8c8]" started-at="2022-01-08T22:53:44 IST" name="invoke" finished-at="2022-01-08T22:53:52 IST" duration-ms="7851" status="PASS">
          <reporter-output>
          </reporter-output>
        </test-method> <!-- invoke -->
      </class> <!-- PracticeUrbanLadder.demo -->
    </test> <!-- Default test -->
  </suite> <!-- Default suite -->
</testng-results>
